<?xml version="1.0" encoding="UTF-8"?>
<!-- Generated by org.testng.reporters.JUnitReportReporter -->
<testsuite hostname="DESKTOP-FM0MES3" failures="0" tests="1" name="TestPolicyBazaar.ValidatePolicyBazaarUserName" time="14.874" errors="0" timestamp="2023-08-14T13:27:45 IST" skipped="0">
  <testcase classname="TestPolicyBazaar.ValidatePolicyBazaarUserName" name="verifyUserName" time="14.874"/>
</testsuite> <!-- TestPolicyBazaar.ValidatePolicyBazaarUserName -->
